<?xml version="1.0" encoding="UTF-8"?>
<!-- Generated by org.testng.reporters.JUnitXMLReporter -->
<testsuite ignored="0" hostname="ANIMCHNLAP297s-MacBook-Pro.local" failures="1" tests="13" name="Default test" time="0.56" errors="0" timestamp="2022-03-27T22:43:03 IST">
  <testcase classname="TestCases.AppTextModule_TestCase" name="Validate_AdminFonts_Option" time="0.283"/>
  <testcase classname="TestCases.AppTextModule_TestCase" name="Validate_DuplicateButton_text" time="0.004"/>
  <testcase classname="TestCases.AppTextModule_TestCase" name="Validate_EditText_Basetemplates_Rotate_Resize" time="0.062">
    <failure type="java.lang.IllegalArgumentException" message="Input must be set">
      <![CDATA[java.lang.IllegalArgumentException: Input must be set
at org.openqa.selenium.internal.Require.nonNull(Require.java:56)
at org.openqa.selenium.support.ui.FluentWait.<init>(FluentWait.java:97)
at org.openqa.selenium.support.ui.WebDriverWait.<init>(WebDriverWait.java:128)
at org.openqa.selenium.support.ui.WebDriverWait.<init>(WebDriverWait.java:61)
at org.openqa.selenium.support.ui.WebDriverWait.<init>(WebDriverWait.java:48)
at Utility.ReusableMethods_WebActions.performWait(ReusableMethods_WebActions.java:96)
at PageActions.AppSidePageAction.changeProjectName(AppSidePageAction.java:33)
at TestCases.AppTextModule_TestCase.Validate_EditText_Basetemplates_Rotate_Resize(AppTextModule_TestCase.java:22)
at java.base/jdk.internal.reflect.NativeMethodAccessorImpl.invoke0(Native Method)
at java.base/jdk.internal.reflect.NativeMethodAccessorImpl.invoke(NativeMethodAccessorImpl.java:77)
at java.base/jdk.internal.reflect.DelegatingMethodAccessorImpl.invoke(DelegatingMethodAccessorImpl.java:43)
at java.base/java.lang.reflect.Method.invoke(Method.java:568)
at org.testng.internal.MethodInvocationHelper.invokeMethod(MethodInvocationHelper.java:133)
at org.testng.internal.TestInvoker.invokeMethod(TestInvoker.java:598)
at org.testng.internal.TestInvoker.invokeTestMethod(TestInvoker.java:173)
at org.testng.internal.MethodRunner.runInSequence(MethodRunner.java:46)
at org.testng.internal.TestInvoker$MethodInvocationAgent.invoke(TestInvoker.java:824)
at org.testng.internal.TestInvoker.invokeTestMethods(TestInvoker.java:146)
at org.testng.internal.TestMethodWorker.invokeTestMethods(TestMethodWorker.java:146)
at org.testng.internal.TestMethodWorker.run(TestMethodWorker.java:128)
at java.base/java.util.ArrayList.forEach(ArrayList.java:1511)
at org.testng.TestRunner.privateRun(TestRunner.java:794)
at org.testng.TestRunner.run(TestRunner.java:596)
at org.testng.SuiteRunner.runTest(SuiteRunner.java:377)
at org.testng.SuiteRunner.runSequentially(SuiteRunner.java:371)
at org.testng.SuiteRunner.privateRun(SuiteRunner.java:332)
at org.testng.SuiteRunner.run(SuiteRunner.java:276)
at org.testng.SuiteRunnerWorker.runSuite(SuiteRunnerWorker.java:53)
at org.testng.SuiteRunnerWorker.run(SuiteRunnerWorker.java:96)
at org.testng.TestNG.runSuitesSequentially(TestNG.java:1212)
at org.testng.TestNG.runSuitesLocally(TestNG.java:1134)
at org.testng.TestNG.runSuites(TestNG.java:1063)
at org.testng.TestNG.run(TestNG.java:1031)
at org.testng.remote.AbstractRemoteTestNG.run(AbstractRemoteTestNG.java:115)
at org.testng.remote.RemoteTestNG.initAndRun(RemoteTestNG.java:251)
at org.testng.remote.RemoteTestNG.main(RemoteTestNG.java:77)
]]>
    </failure>
  </testcase> <!-- Validate_EditText_Basetemplates_Rotate_Resize -->
  <testcase classname="TestCases.AppTextModule_TestCase" name="Validate_EditText_Prebuilts_Rotate_Resize" time="0.007"/>
  <testcase classname="TestCases.AppTextModule_TestCase" name="Validate_Grouping_Different_TextElements" time="0.004"/>
  <testcase classname="TestCases.AppTextModule_TestCase" name="Validate_LockButton_text" time="0.003"/>
  <testcase classname="TestCases.AppTextModule_TestCase" name="Validate_Text_Alignment" time="0.004"/>
  <testcase classname="TestCases.AppTextModule_TestCase" name="Validate_Text_Arrangements" time="0.024"/>
  <testcase classname="TestCases.AppTextModule_TestCase" name="Validate_Text_Deletion" time="0.002"/>
  <testcase classname="TestCases.AppTextModule_TestCase" name="Validate_Text_Using_DeleteElement" time="0.005"/>
  <testcase classname="TestCases.AppTextModule_TestCase" name="Validate_Text_Using_DeleteGroup" time="0.003"/>
  <testcase classname="TestCases.AppTextModule_TestCase" name="Validate_Ungroup_TextPrebuilts" time="0.001"/>
  <testcase classname="TestCases.AppTextModule_TestCase" name="Validate_UploadFont_Section" time="0.003"/>
</testsuite> <!-- Default test -->
