<html>
<head>
<title>TestNG:  TextModule_Regression</title>
<link href="../testng.css" rel="stylesheet" type="text/css" />
<link href="../my-testng.css" rel="stylesheet" type="text/css" />

<style type="text/css">
.log { display: none;} 
.stack-trace { display: none;} 
</style>
<script type="text/javascript">
<!--
function flip(e) {
  current = e.style.display;
  if (current == 'block') {
    e.style.display = 'none';
    return 0;
  }
  else {
    e.style.display = 'block';
    return 1;
  }
}

function toggleBox(szDivId, elem, msg1, msg2)
{
  var res = -1;  if (document.getElementById) {
    res = flip(document.getElementById(szDivId));
  }
  else if (document.all) {
    // this is the way old msie versions work
    res = flip(document.all[szDivId]);
  }
  if(elem) {
    if(res == 0) elem.innerHTML = msg1; else elem.innerHTML = msg2;
  }

}

function toggleAllBoxes() {
  if (document.getElementsByTagName) {
    d = document.getElementsByTagName('div');
    for (i = 0; i < d.length; i++) {
      if (d[i].className == 'log') {
        flip(d[i]);
      }
    }
  }
}

// -->
</script>

</head>
<body>
<h2 align='center'>TextModule_Regression</h2><table border='1' align="center">
<tr>
<td>Tests passed/Failed/Skipped:</td><td>25/1/0</td>
</tr><tr>
<td>Started on:</td><td>Mon Mar 28 14:26:55 IST 2022</td>
</tr>
<tr><td>Total time:</td><td>74 seconds (74393 ms)</td>
</tr><tr>
<td>Included groups:</td><td></td>
</tr><tr>
<td>Excluded groups:</td><td></td>
</tr>
</table><p/>
<small><i>(Hover the method name to see the test class name)</i></small><p/>
<table width='100%' border='1' class='invocation-failed'>
<tr><td colspan='4' align='center'><b>FAILED TESTS</b></td></tr>
<tr><td><b>Test method</b></td>
<td width="30%"><b>Exception</b></td>
<td width="10%"><b>Time (seconds)</b></td>
<td><b>Instance</b></td>
</tr>
<tr>
<td title='TestCases.AppTextModule_TestCase.Validate_EditText_Basetemplates_Rotate_Resize()'><b>Validate_EditText_Basetemplates_Rotate_Resize</b><br>Test class: TestCases.AppTextModule_TestCase</td>
<td><div><pre>org.openqa.selenium.interactions.MoveTargetOutOfBoundsException: move target out of bounds
  (Session info: chrome=99.0.4844.84)
Build info: version: &apos;4.1.1&apos;, revision: &apos;e8fcc2cecf&apos;
System info: host: &apos;ANIMCHNLAP297s-MacBook-Pro.local&apos;, ip: &apos;fe80:0:0:0:14bd:852d:eaf8:99b9%en0&apos;, os.name: &apos;Mac OS X&apos;, os.arch: &apos;x86_64&apos;, os.version: &apos;11.1&apos;, java.version: &apos;17.0.1&apos;
Driver info: org.openqa.selenium.chrome.ChromeDriver
Command: [1453fee9a164fcc025061d5aef68c5b2, actions {actions=[org.openqa.selenium.interactions.Sequence@2fe74516]}]
Capabilities {acceptInsecureCerts: false, browserName: chrome, browserVersion: 99.0.4844.84, chrome: {chromedriverVersion: 99.0.4844.51 (d537ec02474b5..., userDataDir: /var/folders/kc/7y0pkp9n3hn...}, goog:chromeOptions: {debuggerAddress: localhost:65154}, javascriptEnabled: true, networkConnectionEnabled: false, pageLoadStrategy: normal, platform: MAC, platformName: MAC, proxy: Proxy(), se:cdp: ws://localhost:65154/devtoo..., se:cdpVersion: 99.0.4844.84, setWindowRect: true, strictFileInteractability: false, timeouts: {implicit: 0, pageLoad: 300000, script: 30000}, unhandledPromptBehavior: dismiss and notify, webauthn:extension:credBlob: true, webauthn:extension:largeBlob: true, webauthn:virtualAuthenticators: true}
Session ID: 1453fee9a164fcc025061d5aef68c5b2
	at org.openqa.selenium.remote.codec.w3c.W3CHttpResponseCodec.createException(W3CHttpResponseCodec.java:200)
	at org.openqa.selenium.remote.codec.w3c.W3CHttpResponseCodec.decode(W3CHttpResponseCodec.java:133)
	at org.openqa.selenium.remote.codec.w3c.W3CHttpResponseCodec.decode(W3CHttpResponseCodec.java:53)
	at org.openqa.selenium.remote.HttpCommandExecutor.execute(HttpCommandExecutor.java:184)
	at org.openqa.selenium.remote.service.DriverCommandExecutor.invokeExecute(DriverCommandExecutor.java:167)
	at org.openqa.selenium.remote.service.DriverCommandExecutor.execute(DriverCommandExecutor.java:142)
	at org.openqa.selenium.remote.RemoteWebDriver.execute(RemoteWebDriver.java:543)
	at org.openqa.selenium.remote.RemoteWebDriver.perform(RemoteWebDriver.java:611)
	at org.openqa.selenium.interactions.Actions$BuiltAction.perform(Actions.java:617)
	at Utility.ReusableMethods_WebActions.performMoveTextContainer(ReusableMethods_WebActions.java:56)
	at PageActions.AppSidePageAction.moveTextContainer(AppSidePageAction.java:99)
	at TestCases.AppTextModule_TestCase.Validate_EditText_Basetemplates_Rotate_Resize(AppTextModule_TestCase.java:30)
	at java.base/java.util.ArrayList.forEach(ArrayList.java:1511)
... Removed 32 stack frames</pre></div><a href='#' onClick='toggleBox("stack-trace1492897838", this, "Click to show all stack frames", "Click to hide stack frames")'>Click to show all stack frames</a>
<div class='stack-trace' id='stack-trace1492897838'><pre>org.openqa.selenium.interactions.MoveTargetOutOfBoundsException: move target out of bounds
  (Session info: chrome=99.0.4844.84)
Build info: version: &apos;4.1.1&apos;, revision: &apos;e8fcc2cecf&apos;
System info: host: &apos;ANIMCHNLAP297s-MacBook-Pro.local&apos;, ip: &apos;fe80:0:0:0:14bd:852d:eaf8:99b9%en0&apos;, os.name: &apos;Mac OS X&apos;, os.arch: &apos;x86_64&apos;, os.version: &apos;11.1&apos;, java.version: &apos;17.0.1&apos;
Driver info: org.openqa.selenium.chrome.ChromeDriver
Command: [1453fee9a164fcc025061d5aef68c5b2, actions {actions=[org.openqa.selenium.interactions.Sequence@2fe74516]}]
Capabilities {acceptInsecureCerts: false, browserName: chrome, browserVersion: 99.0.4844.84, chrome: {chromedriverVersion: 99.0.4844.51 (d537ec02474b5..., userDataDir: /var/folders/kc/7y0pkp9n3hn...}, goog:chromeOptions: {debuggerAddress: localhost:65154}, javascriptEnabled: true, networkConnectionEnabled: false, pageLoadStrategy: normal, platform: MAC, platformName: MAC, proxy: Proxy(), se:cdp: ws://localhost:65154/devtoo..., se:cdpVersion: 99.0.4844.84, setWindowRect: true, strictFileInteractability: false, timeouts: {implicit: 0, pageLoad: 300000, script: 30000}, unhandledPromptBehavior: dismiss and notify, webauthn:extension:credBlob: true, webauthn:extension:largeBlob: true, webauthn:virtualAuthenticators: true}
Session ID: 1453fee9a164fcc025061d5aef68c5b2
	at java.base/jdk.internal.reflect.NativeConstructorAccessorImpl.newInstance0(Native Method)
	at java.base/jdk.internal.reflect.NativeConstructorAccessorImpl.newInstance(NativeConstructorAccessorImpl.java:77)
	at java.base/jdk.internal.reflect.DelegatingConstructorAccessorImpl.newInstance(DelegatingConstructorAccessorImpl.java:45)
	at java.base/java.lang.reflect.Constructor.newInstanceWithCaller(Constructor.java:499)
	at java.base/java.lang.reflect.Constructor.newInstance(Constructor.java:480)
	at org.openqa.selenium.remote.codec.w3c.W3CHttpResponseCodec.createException(W3CHttpResponseCodec.java:200)
	at org.openqa.selenium.remote.codec.w3c.W3CHttpResponseCodec.decode(W3CHttpResponseCodec.java:133)
	at org.openqa.selenium.remote.codec.w3c.W3CHttpResponseCodec.decode(W3CHttpResponseCodec.java:53)
	at org.openqa.selenium.remote.HttpCommandExecutor.execute(HttpCommandExecutor.java:184)
	at org.openqa.selenium.remote.service.DriverCommandExecutor.invokeExecute(DriverCommandExecutor.java:167)
	at org.openqa.selenium.remote.service.DriverCommandExecutor.execute(DriverCommandExecutor.java:142)
	at org.openqa.selenium.remote.RemoteWebDriver.execute(RemoteWebDriver.java:543)
	at org.openqa.selenium.remote.RemoteWebDriver.perform(RemoteWebDriver.java:611)
	at org.openqa.selenium.interactions.Actions$BuiltAction.perform(Actions.java:617)
	at Utility.ReusableMethods_WebActions.performMoveTextContainer(ReusableMethods_WebActions.java:56)
	at PageActions.AppSidePageAction.moveTextContainer(AppSidePageAction.java:99)
	at TestCases.AppTextModule_TestCase.Validate_EditText_Basetemplates_Rotate_Resize(AppTextModule_TestCase.java:30)
	at java.base/jdk.internal.reflect.NativeMethodAccessorImpl.invoke0(Native Method)
	at java.base/jdk.internal.reflect.NativeMethodAccessorImpl.invoke(NativeMethodAccessorImpl.java:77)
	at java.base/jdk.internal.reflect.DelegatingMethodAccessorImpl.invoke(DelegatingMethodAccessorImpl.java:43)
	at java.base/java.lang.reflect.Method.invoke(Method.java:568)
	at org.testng.internal.MethodInvocationHelper.invokeMethod(MethodInvocationHelper.java:133)
	at org.testng.internal.TestInvoker.invokeMethod(TestInvoker.java:598)
	at org.testng.internal.TestInvoker.invokeTestMethod(TestInvoker.java:173)
	at org.testng.internal.MethodRunner.runInSequence(MethodRunner.java:46)
	at org.testng.internal.TestInvoker$MethodInvocationAgent.invoke(TestInvoker.java:824)
	at org.testng.internal.TestInvoker.invokeTestMethods(TestInvoker.java:146)
	at org.testng.internal.TestMethodWorker.invokeTestMethods(TestMethodWorker.java:146)
	at org.testng.internal.TestMethodWorker.run(TestMethodWorker.java:128)
	at java.base/java.util.ArrayList.forEach(ArrayList.java:1511)
	at org.testng.TestRunner.privateRun(TestRunner.java:794)
	at org.testng.TestRunner.run(TestRunner.java:596)
	at org.testng.SuiteRunner.runTest(SuiteRunner.java:377)
	at org.testng.SuiteRunner.runSequentially(SuiteRunner.java:371)
	at org.testng.SuiteRunner.privateRun(SuiteRunner.java:332)
	at org.testng.SuiteRunner.run(SuiteRunner.java:276)
	at org.testng.SuiteRunnerWorker.runSuite(SuiteRunnerWorker.java:53)
	at org.testng.SuiteRunnerWorker.run(SuiteRunnerWorker.java:96)
	at org.testng.TestNG.runSuitesSequentially(TestNG.java:1212)
	at org.testng.TestNG.runSuitesLocally(TestNG.java:1134)
	at org.testng.TestNG.runSuites(TestNG.java:1063)
	at org.testng.TestNG.run(TestNG.java:1031)
	at org.testng.remote.AbstractRemoteTestNG.run(AbstractRemoteTestNG.java:115)
	at org.testng.remote.RemoteTestNG.initAndRun(RemoteTestNG.java:251)
	at org.testng.remote.RemoteTestNG.main(RemoteTestNG.java:77)
</pre></div></td>
<td>58</td>
<td>TestCases.AppTextModule_TestCase@6bc407fd</td></tr>
</table><p>
<table width='100%' border='1' class='invocation-passed'>
<tr><td colspan='4' align='center'><b>PASSED TESTS</b></td></tr>
<tr><td><b>Test method</b></td>
<td width="30%"><b>Exception</b></td>
<td width="10%"><b>Time (seconds)</b></td>
<td><b>Instance</b></td>
</tr>
<tr>
<td title='TestCases.Download_TestCase.Validate_Download_MultipleSlideDesign_AsJPG_InZIP()'><b>Validate_Download_MultipleSlideDesign_AsJPG_InZIP</b><br>Test class: TestCases.Download_TestCase</td>
<td></td>
<td>0</td>
<td>TestCases.Download_TestCase@291f18</td></tr>
<tr>
<td title='TestCases.AppTextModule_TestCase.Validate_AdminFonts_Option()'><b>Validate_AdminFonts_Option</b><br>Test class: TestCases.AppTextModule_TestCase</td>
<td></td>
<td>0</td>
<td>TestCases.AppTextModule_TestCase@6bc407fd</td></tr>
<tr>
<td title='TestCases.AppTextModule_TestCase.Validate_UploadFont_Section()'><b>Validate_UploadFont_Section</b><br>Test class: TestCases.AppTextModule_TestCase</td>
<td></td>
<td>0</td>
<td>TestCases.AppTextModule_TestCase@6bc407fd</td></tr>
<tr>
<td title='TestCases.CreateProject_TestCase.validate_the_user_is_able_to_Create_a_new_Project_Template()'><b>validate_the_user_is_able_to_Create_a_new_Project_Template</b><br>Test class: TestCases.CreateProject_TestCase</td>
<td></td>
<td>0</td>
<td>TestCases.CreateProject_TestCase@181e731e</td></tr>
<tr>
<td title='TestCases.Download_TestCase.Validate_Download_DesignAsPNG()'><b>Validate_Download_DesignAsPNG</b><br>Test class: TestCases.Download_TestCase</td>
<td></td>
<td>6</td>
<td>TestCases.Download_TestCase@291f18</td></tr>
<tr>
<td title='TestCases.CreateProject_TestCase.validate_the_user_is_able_to_Create_a_new_blank_Project()'><b>validate_the_user_is_able_to_Create_a_new_blank_Project</b><br>Test class: TestCases.CreateProject_TestCase</td>
<td></td>
<td>0</td>
<td>TestCases.CreateProject_TestCase@181e731e</td></tr>
<tr>
<td title='TestCases.Login_TestCase.validate_the_user_is_able_to_View_the_Menu_Options_on_Tap()'><b>validate_the_user_is_able_to_View_the_Menu_Options_on_Tap</b><br>Test class: TestCases.Login_TestCase</td>
<td></td>
<td>0</td>
<td>TestCases.Login_TestCase@1e8b7643</td></tr>
<tr>
<td title='TestCases.AppTextModule_TestCase.Validate_Ungroup_TextPrebuilts()'><b>Validate_Ungroup_TextPrebuilts</b><br>Test class: TestCases.AppTextModule_TestCase</td>
<td></td>
<td>0</td>
<td>TestCases.AppTextModule_TestCase@6bc407fd</td></tr>
<tr>
<td title='TestCases.AppTextModule_TestCase.Validate_Text_Deletion()'><b>Validate_Text_Deletion</b><br>Test class: TestCases.AppTextModule_TestCase</td>
<td></td>
<td>0</td>
<td>TestCases.AppTextModule_TestCase@6bc407fd</td></tr>
<tr>
<td title='TestCases.AppTextModule_TestCase.Validate_DuplicateButton_text()'><b>Validate_DuplicateButton_text</b><br>Test class: TestCases.AppTextModule_TestCase</td>
<td></td>
<td>0</td>
<td>TestCases.AppTextModule_TestCase@6bc407fd</td></tr>
<tr>
<td title='TestCases.Download_TestCase.Validate_Download_DesignAs_JPG()'><b>Validate_Download_DesignAs_JPG</b><br>Test class: TestCases.Download_TestCase</td>
<td></td>
<td>0</td>
<td>TestCases.Download_TestCase@291f18</td></tr>
<tr>
<td title='TestCases.Download_TestCase.Validate_Download_DesignAs_PNG_TransparentBG()'><b>Validate_Download_DesignAs_PNG_TransparentBG</b><br>Test class: TestCases.Download_TestCase</td>
<td></td>
<td>0</td>
<td>TestCases.Download_TestCase@291f18</td></tr>
<tr>
<td title='TestCases.AppTextModule_TestCase.Validate_Text_Using_DeleteGroup()'><b>Validate_Text_Using_DeleteGroup</b><br>Test class: TestCases.AppTextModule_TestCase</td>
<td></td>
<td>0</td>
<td>TestCases.AppTextModule_TestCase@6bc407fd</td></tr>
<tr>
<td title='TestCases.CreateProject_TestCase.validate_the_User_is_able_to_view_the_created_Projects_are_listed_for_an_Existing_User()'><b>validate_the_User_is_able_to_view_the_created_Projects_are_listed_for_an_Existing_User</b><br>Test class: TestCases.CreateProject_TestCase</td>
<td></td>
<td>0</td>
<td>TestCases.CreateProject_TestCase@181e731e</td></tr>
<tr>
<td title='TestCases.AppTextModule_TestCase.Validate_LockButton_text()'><b>Validate_LockButton_text</b><br>Test class: TestCases.AppTextModule_TestCase</td>
<td></td>
<td>0</td>
<td>TestCases.AppTextModule_TestCase@6bc407fd</td></tr>
<tr>
<td title='TestCases.AppTextModule_TestCase.Validate_Text_Alignment()'><b>Validate_Text_Alignment</b><br>Test class: TestCases.AppTextModule_TestCase</td>
<td></td>
<td>0</td>
<td>TestCases.AppTextModule_TestCase@6bc407fd</td></tr>
<tr>
<td title='TestCases.Login_TestCase.validate_the_User_is_able_to_View_the_Home_Page()'><b>validate_the_User_is_able_to_View_the_Home_Page</b><br>Test class: TestCases.Login_TestCase</td>
<td></td>
<td>6</td>
<td>TestCases.Login_TestCase@1e8b7643</td></tr>
<tr>
<td title='TestCases.AppTextModule_TestCase.Validate_Text_Arrangements()'><b>Validate_Text_Arrangements</b><br>Test class: TestCases.AppTextModule_TestCase</td>
<td></td>
<td>0</td>
<td>TestCases.AppTextModule_TestCase@6bc407fd</td></tr>
<tr>
<td title='TestCases.AppTextModule_TestCase.Validate_Text_Using_DeleteElement()'><b>Validate_Text_Using_DeleteElement</b><br>Test class: TestCases.AppTextModule_TestCase</td>
<td></td>
<td>0</td>
<td>TestCases.AppTextModule_TestCase@6bc407fd</td></tr>
<tr>
<td title='TestCases.AppTextModule_TestCase.Validate_Grouping_Different_TextElements()'><b>Validate_Grouping_Different_TextElements</b><br>Test class: TestCases.AppTextModule_TestCase</td>
<td></td>
<td>0</td>
<td>TestCases.AppTextModule_TestCase@6bc407fd</td></tr>
<tr>
<td title='TestCases.Download_TestCase.Validate_Download_MultipleSlideDesign_AsPNG_InZIP()'><b>Validate_Download_MultipleSlideDesign_AsPNG_InZIP</b><br>Test class: TestCases.Download_TestCase</td>
<td></td>
<td>0</td>
<td>TestCases.Download_TestCase@291f18</td></tr>
<tr>
<td title='TestCases.Login_TestCase.validate_the_User_is_able_to_Login_to_an_existing_account()'><b>validate_the_User_is_able_to_Login_to_an_existing_account</b><br>Test class: TestCases.Login_TestCase</td>
<td></td>
<td>1</td>
<td>TestCases.Login_TestCase@1e8b7643</td></tr>
<tr>
<td title='TestCases.Download_TestCase.Validate_Download_DesignAs_PDF()'><b>Validate_Download_DesignAs_PDF</b><br>Test class: TestCases.Download_TestCase</td>
<td></td>
<td>0</td>
<td>TestCases.Download_TestCase@291f18</td></tr>
<tr>
<td title='TestCases.CreateProject_TestCase.validate_the_User_is_able_to_Edit_the_Created_Project_FromDashboard()'><b>validate_the_User_is_able_to_Edit_the_Created_Project_FromDashboard</b><br>Test class: TestCases.CreateProject_TestCase</td>
<td></td>
<td>0</td>
<td>TestCases.CreateProject_TestCase@181e731e</td></tr>
<tr>
<td title='TestCases.AppTextModule_TestCase.Validate_EditText_Prebuilts_Rotate_Resize()'><b>Validate_EditText_Prebuilts_Rotate_Resize</b><br>Test class: TestCases.AppTextModule_TestCase</td>
<td></td>
<td>0</td>
<td>TestCases.AppTextModule_TestCase@6bc407fd</td></tr>
</table><p>
</body>
</html>