<?xml version="1.0" encoding="UTF-8"?>
<!-- Generated by org.testng.reporters.JUnitXMLReporter -->
<testsuite ignored="0" hostname="ANIMCHNLAP297s-MacBook-Pro.local" failures="1" tests="26" name="TextModule_Regression" time="74.393" errors="0" timestamp="2022-03-28T14:28:09 IST">
  <testcase classname="TestCases.Login_TestCase" name="validate_the_User_is_able_to_Login_to_an_existing_account" time="1.037"/>
  <testcase classname="TestCases.Login_TestCase" name="validate_the_User_is_able_to_View_the_Home_Page" time="6.071"/>
  <testcase classname="TestCases.Login_TestCase" name="validate_the_user_is_able_to_View_the_Menu_Options_on_Tap" time="0.011"/>
  <testcase classname="TestCases.CreateProject_TestCase" name="validate_the_User_is_able_to_Edit_the_Created_Project_FromDashboard" time="0.007"/>
  <testcase classname="TestCases.CreateProject_TestCase" name="validate_the_User_is_able_to_view_the_created_Projects_are_listed_for_an_Existing_User" time="0.007"/>
  <testcase classname="TestCases.CreateProject_TestCase" name="validate_the_user_is_able_to_Create_a_new_Project_Template" time="0.003"/>
  <testcase classname="TestCases.CreateProject_TestCase" name="validate_the_user_is_able_to_Create_a_new_blank_Project" time="0.701"/>
  <testcase classname="TestCases.AppTextModule_TestCase" name="Validate_AdminFonts_Option" time="0.006"/>
  <testcase classname="TestCases.AppTextModule_TestCase" name="Validate_DuplicateButton_text" time="0.003"/>
  <testcase classname="TestCases.AppTextModule_TestCase" name="Validate_EditText_Basetemplates_Rotate_Resize" time="58.968">
    <failure type="org.openqa.selenium.interactions.MoveTargetOutOfBoundsException" message="move target out of bounds
  (Session info: chrome=99.0.4844.84)
Build info: version: &amp;apos;4.1.1&amp;apos;, revision: &amp;apos;e8fcc2cecf&amp;apos;
System info: host: &amp;apos;ANIMCHNLAP297s-MacBook-Pro.local&amp;apos;, ip: &amp;apos;fe80:0:0:0:14bd:852d:eaf8:99b9%en0&amp;apos;, os.name: &amp;apos;Mac OS X&amp;apos;, os.arch: &amp;apos;x86_64&amp;apos;, os.version: &amp;apos;11.1&amp;apos;, java.version: &amp;apos;17.0.1&amp;apos;
Driver info: org.openqa.selenium.chrome.ChromeDriver
Command: [1453fee9a164fcc025061d5aef68c5b2, actions {actions=[org.openqa.selenium.interactions.Sequence@2fe74516]}]
Capabilities {acceptInsecureCerts: false, browserName: chrome, browserVersion: 99.0.4844.84, chrome: {chromedriverVersion: 99.0.4844.51 (d537ec02474b5..., userDataDir: /var/folders/kc/7y0pkp9n3hn...}, goog:chromeOptions: {debuggerAddress: localhost:65154}, javascriptEnabled: true, networkConnectionEnabled: false, pageLoadStrategy: normal, platform: MAC, platformName: MAC, proxy: Proxy(), se:cdp: ws://localhost:65154/devtoo..., se:cdpVersion: 99.0.4844.84, setWindowRect: true, strictFileInteractability: false, timeouts: {implicit: 0, pageLoad: 300000, script: 30000}, unhandledPromptBehavior: dismiss and notify, webauthn:extension:credBlob: true, webauthn:extension:largeBlob: true, webauthn:virtualAuthenticators: true}
Session ID: 1453fee9a164fcc025061d5aef68c5b2">
      <![CDATA[org.openqa.selenium.interactions.MoveTargetOutOfBoundsException: move target out of bounds
  (Session info: chrome=99.0.4844.84)
Build info: version: '4.1.1', revision: 'e8fcc2cecf'
System info: host: 'ANIMCHNLAP297s-MacBook-Pro.local', ip: 'fe80:0:0:0:14bd:852d:eaf8:99b9%en0', os.name: 'Mac OS X', os.arch: 'x86_64', os.version: '11.1', java.version: '17.0.1'
Driver info: org.openqa.selenium.chrome.ChromeDriver
Command: [1453fee9a164fcc025061d5aef68c5b2, actions {actions=[org.openqa.selenium.interactions.Sequence@2fe74516]}]
Capabilities {acceptInsecureCerts: false, browserName: chrome, browserVersion: 99.0.4844.84, chrome: {chromedriverVersion: 99.0.4844.51 (d537ec02474b5..., userDataDir: /var/folders/kc/7y0pkp9n3hn...}, goog:chromeOptions: {debuggerAddress: localhost:65154}, javascriptEnabled: true, networkConnectionEnabled: false, pageLoadStrategy: normal, platform: MAC, platformName: MAC, proxy: Proxy(), se:cdp: ws://localhost:65154/devtoo..., se:cdpVersion: 99.0.4844.84, setWindowRect: true, strictFileInteractability: false, timeouts: {implicit: 0, pageLoad: 300000, script: 30000}, unhandledPromptBehavior: dismiss and notify, webauthn:extension:credBlob: true, webauthn:extension:largeBlob: true, webauthn:virtualAuthenticators: true}
Session ID: 1453fee9a164fcc025061d5aef68c5b2
at org.openqa.selenium.remote.codec.w3c.W3CHttpResponseCodec.createException(W3CHttpResponseCodec.java:200)
at org.openqa.selenium.remote.codec.w3c.W3CHttpResponseCodec.decode(W3CHttpResponseCodec.java:133)
at org.openqa.selenium.remote.codec.w3c.W3CHttpResponseCodec.decode(W3CHttpResponseCodec.java:53)
at org.openqa.selenium.remote.HttpCommandExecutor.execute(HttpCommandExecutor.java:184)
at org.openqa.selenium.remote.service.DriverCommandExecutor.invokeExecute(DriverCommandExecutor.java:167)
at org.openqa.selenium.remote.service.DriverCommandExecutor.execute(DriverCommandExecutor.java:142)
at org.openqa.selenium.remote.RemoteWebDriver.execute(RemoteWebDriver.java:543)
at org.openqa.selenium.remote.RemoteWebDriver.perform(RemoteWebDriver.java:611)
at org.openqa.selenium.interactions.Actions$BuiltAction.perform(Actions.java:617)
at Utility.ReusableMethods_WebActions.performMoveTextContainer(ReusableMethods_WebActions.java:56)
at PageActions.AppSidePageAction.moveTextContainer(AppSidePageAction.java:99)
at TestCases.AppTextModule_TestCase.Validate_EditText_Basetemplates_Rotate_Resize(AppTextModule_TestCase.java:30)
at java.base/java.util.ArrayList.forEach(ArrayList.java:1511)
... Removed 32 stack frames]]>
    </failure>
  </testcase> <!-- Validate_EditText_Basetemplates_Rotate_Resize -->
  <testcase classname="TestCases.AppTextModule_TestCase" name="Validate_EditText_Prebuilts_Rotate_Resize" time="0.847"/>
  <testcase classname="TestCases.AppTextModule_TestCase" name="Validate_Grouping_Different_TextElements" time="0.006"/>
  <testcase classname="TestCases.AppTextModule_TestCase" name="Validate_LockButton_text" time="0.007"/>
  <testcase classname="TestCases.AppTextModule_TestCase" name="Validate_Text_Alignment" time="0.003"/>
  <testcase classname="TestCases.AppTextModule_TestCase" name="Validate_Text_Arrangements" time="0.003"/>
  <testcase classname="TestCases.AppTextModule_TestCase" name="Validate_Text_Deletion" time="0.016"/>
  <testcase classname="TestCases.AppTextModule_TestCase" name="Validate_Text_Using_DeleteElement" time="0.004"/>
  <testcase classname="TestCases.AppTextModule_TestCase" name="Validate_Text_Using_DeleteGroup" time="0.002"/>
  <testcase classname="TestCases.AppTextModule_TestCase" name="Validate_Ungroup_TextPrebuilts" time="0.004"/>
  <testcase classname="TestCases.AppTextModule_TestCase" name="Validate_UploadFont_Section" time="0.002"/>
  <testcase classname="TestCases.Download_TestCase" name="Validate_Download_DesignAsPNG" time="6.243"/>
  <testcase classname="TestCases.Download_TestCase" name="Validate_Download_DesignAs_JPG" time="0.01"/>
  <testcase classname="TestCases.Download_TestCase" name="Validate_Download_DesignAs_PDF" time="0.003"/>
  <testcase classname="TestCases.Download_TestCase" name="Validate_Download_DesignAs_PNG_TransparentBG" time="0.002"/>
  <testcase classname="TestCases.Download_TestCase" name="Validate_Download_MultipleSlideDesign_AsJPG_InZIP" time="0.003"/>
  <testcase classname="TestCases.Download_TestCase" name="Validate_Download_MultipleSlideDesign_AsPNG_InZIP" time="0.012"/>
</testsuite> <!-- TextModule_Regression -->
