<?xml version="1.0" encoding="UTF-8"?>
<!-- Generated by org.testng.reporters.JUnitReportReporter -->
<testsuite hostname="ANIMCHNLAP297s-MacBook-Pro.local" failures="0" tests="13" name="TestCases.AppTextModule_TestCase" time="59.871" errors="1" timestamp="2022-03-28T14:28:15 IST" skipped="0">
  <testcase classname="TestCases.AppTextModule_TestCase" name="Validate_Text_Using_DeleteGroup" time="0.002"/>
  <system-out/>
  <testcase classname="TestCases.AppTextModule_TestCase" name="Validate_AdminFonts_Option" time="0.006"/>
  <system-out/>
  <testcase classname="TestCases.AppTextModule_TestCase" name="Validate_UploadFont_Section" time="0.002"/>
  <system-out/>
  <testcase classname="TestCases.AppTextModule_TestCase" name="Validate_LockButton_text" time="0.007"/>
  <system-out/>
  <testcase classname="TestCases.AppTextModule_TestCase" name="Validate_Text_Alignment" time="0.003"/>
  <system-out/>
  <testcase classname="TestCases.AppTextModule_TestCase" name="Validate_Text_Arrangements" time="0.003"/>
  <system-out/>
  <testcase classname="TestCases.AppTextModule_TestCase" name="Validate_Text_Using_DeleteElement" time="0.004"/>
  <system-out/>
  <testcase classname="TestCases.AppTextModule_TestCase" name="Validate_Grouping_Different_TextElements" time="0.006"/>
  <system-out/>
  <testcase classname="TestCases.AppTextModule_TestCase" name="Validate_Ungroup_TextPrebuilts" time="0.004"/>
  <system-out/>
  <testcase classname="TestCases.AppTextModule_TestCase" name="Validate_Text_Deletion" time="0.016"/>
  <system-out/>
  <testcase classname="TestCases.AppTextModule_TestCase" name="Validate_EditText_Basetemplates_Rotate_Resize" time="58.968">
    <error message="move target out of bounds
  (Session info: chrome=99.0.4844.84)
Build info: version: &#039;4.1.1&#039;, revision: &#039;e8fcc2cecf&#039;
System info: host: &#039;ANIMCHNLAP297s-MacBook-Pro.local&#039;, ip: &#039;fe80:0:0:0:14bd:852d:eaf8:99b9%en0&#039;, os.name: &#039;Mac OS X&#039;, os.arch: &#039;x86_64&#039;, os.version: &#039;11.1&#039;, java.version: &#039;17.0.1&#039;
Driver info: org.openqa.selenium.chrome.ChromeDriver
Command: [1453fee9a164fcc025061d5aef68c5b2, actions {actions=[org.openqa.selenium.interactions.Sequence@2fe74516]}]
Capabilities {acceptInsecureCerts: false, browserName: chrome, browserVersion: 99.0.4844.84, chrome: {chromedriverVersion: 99.0.4844.51 (d537ec02474b5..., userDataDir: /var/folders/kc/7y0pkp9n3hn...}, goog:chromeOptions: {debuggerAddress: localhost:65154}, javascriptEnabled: true, networkConnectionEnabled: false, pageLoadStrategy: normal, platform: MAC, platformName: MAC, proxy: Proxy(), se:cdp: ws://localhost:65154/devtoo..., se:cdpVersion: 99.0.4844.84, setWindowRect: true, strictFileInteractability: false, timeouts: {implicit: 0, pageLoad: 300000, script: 30000}, unhandledPromptBehavior: dismiss and notify, webauthn:extension:credBlob: true, webauthn:extension:largeBlob: true, webauthn:virtualAuthenticators: true}
Session ID: 1453fee9a164fcc025061d5aef68c5b2" type="org.openqa.selenium.interactions.MoveTargetOutOfBoundsException">
      <![CDATA[org.openqa.selenium.interactions.MoveTargetOutOfBoundsException: move target out of bounds
  (Session info: chrome=99.0.4844.84)
Build info: version: '4.1.1', revision: 'e8fcc2cecf'
System info: host: 'ANIMCHNLAP297s-MacBook-Pro.local', ip: 'fe80:0:0:0:14bd:852d:eaf8:99b9%en0', os.name: 'Mac OS X', os.arch: 'x86_64', os.version: '11.1', java.version: '17.0.1'
Driver info: org.openqa.selenium.chrome.ChromeDriver
Command: [1453fee9a164fcc025061d5aef68c5b2, actions {actions=[org.openqa.selenium.interactions.Sequence@2fe74516]}]
Capabilities {acceptInsecureCerts: false, browserName: chrome, browserVersion: 99.0.4844.84, chrome: {chromedriverVersion: 99.0.4844.51 (d537ec02474b5..., userDataDir: /var/folders/kc/7y0pkp9n3hn...}, goog:chromeOptions: {debuggerAddress: localhost:65154}, javascriptEnabled: true, networkConnectionEnabled: false, pageLoadStrategy: normal, platform: MAC, platformName: MAC, proxy: Proxy(), se:cdp: ws://localhost:65154/devtoo..., se:cdpVersion: 99.0.4844.84, setWindowRect: true, strictFileInteractability: false, timeouts: {implicit: 0, pageLoad: 300000, script: 30000}, unhandledPromptBehavior: dismiss and notify, webauthn:extension:credBlob: true, webauthn:extension:largeBlob: true, webauthn:virtualAuthenticators: true}
Session ID: 1453fee9a164fcc025061d5aef68c5b2
at java.base/jdk.internal.reflect.NativeConstructorAccessorImpl.newInstance0(Native Method)
at java.base/jdk.internal.reflect.NativeConstructorAccessorImpl.newInstance(NativeConstructorAccessorImpl.java:77)
at java.base/jdk.internal.reflect.DelegatingConstructorAccessorImpl.newInstance(DelegatingConstructorAccessorImpl.java:45)
at java.base/java.lang.reflect.Constructor.newInstanceWithCaller(Constructor.java:499)
at java.base/java.lang.reflect.Constructor.newInstance(Constructor.java:480)
at org.openqa.selenium.remote.codec.w3c.W3CHttpResponseCodec.createException(W3CHttpResponseCodec.java:200)
at org.openqa.selenium.remote.codec.w3c.W3CHttpResponseCodec.decode(W3CHttpResponseCodec.java:133)
at org.openqa.selenium.remote.codec.w3c.W3CHttpResponseCodec.decode(W3CHttpResponseCodec.java:53)
at org.openqa.selenium.remote.HttpCommandExecutor.execute(HttpCommandExecutor.java:184)
at org.openqa.selenium.remote.service.DriverCommandExecutor.invokeExecute(DriverCommandExecutor.java:167)
at org.openqa.selenium.remote.service.DriverCommandExecutor.execute(DriverCommandExecutor.java:142)
at org.openqa.selenium.remote.RemoteWebDriver.execute(RemoteWebDriver.java:543)
at org.openqa.selenium.remote.RemoteWebDriver.perform(RemoteWebDriver.java:611)
at org.openqa.selenium.interactions.Actions$BuiltAction.perform(Actions.java:617)
at Utility.ReusableMethods_WebActions.performMoveTextContainer(ReusableMethods_WebActions.java:56)
at PageActions.AppSidePageAction.moveTextContainer(AppSidePageAction.java:99)
at TestCases.AppTextModule_TestCase.Validate_EditText_Basetemplates_Rotate_Resize(AppTextModule_TestCase.java:30)
at java.base/jdk.internal.reflect.NativeMethodAccessorImpl.invoke0(Native Method)
at java.base/jdk.internal.reflect.NativeMethodAccessorImpl.invoke(NativeMethodAccessorImpl.java:77)
at java.base/jdk.internal.reflect.DelegatingMethodAccessorImpl.invoke(DelegatingMethodAccessorImpl.java:43)
at java.base/java.lang.reflect.Method.invoke(Method.java:568)
at org.testng.internal.MethodInvocationHelper.invokeMethod(MethodInvocationHelper.java:133)
at org.testng.internal.TestInvoker.invokeMethod(TestInvoker.java:598)
at org.testng.internal.TestInvoker.invokeTestMethod(TestInvoker.java:173)
at org.testng.internal.MethodRunner.runInSequence(MethodRunner.java:46)
at org.testng.internal.TestInvoker$MethodInvocationAgent.invoke(TestInvoker.java:824)
at org.testng.internal.TestInvoker.invokeTestMethods(TestInvoker.java:146)
at org.testng.internal.TestMethodWorker.invokeTestMethods(TestMethodWorker.java:146)
at org.testng.internal.TestMethodWorker.run(TestMethodWorker.java:128)
at java.base/java.util.ArrayList.forEach(ArrayList.java:1511)
at org.testng.TestRunner.privateRun(TestRunner.java:794)
at org.testng.TestRunner.run(TestRunner.java:596)
at org.testng.SuiteRunner.runTest(SuiteRunner.java:377)
at org.testng.SuiteRunner.runSequentially(SuiteRunner.java:371)
at org.testng.SuiteRunner.privateRun(SuiteRunner.java:332)
at org.testng.SuiteRunner.run(SuiteRunner.java:276)
at org.testng.SuiteRunnerWorker.runSuite(SuiteRunnerWorker.java:53)
at org.testng.SuiteRunnerWorker.run(SuiteRunnerWorker.java:96)
at org.testng.TestNG.runSuitesSequentially(TestNG.java:1212)
at org.testng.TestNG.runSuitesLocally(TestNG.java:1134)
at org.testng.TestNG.runSuites(TestNG.java:1063)
at org.testng.TestNG.run(TestNG.java:1031)
at org.testng.remote.AbstractRemoteTestNG.run(AbstractRemoteTestNG.java:115)
at org.testng.remote.RemoteTestNG.initAndRun(RemoteTestNG.java:251)
at org.testng.remote.RemoteTestNG.main(RemoteTestNG.java:77)
]]>
    </error>
  </testcase> <!-- Validate_EditText_Basetemplates_Rotate_Resize -->
  <system-out/>
  <testcase classname="TestCases.AppTextModule_TestCase" name="Validate_DuplicateButton_text" time="0.003"/>
  <system-out/>
  <testcase classname="TestCases.AppTextModule_TestCase" name="Validate_EditText_Prebuilts_Rotate_Resize" time="0.847"/>
  <system-out/>
</testsuite> <!-- TestCases.AppTextModule_TestCase -->
